Determining if the pthread_create exist failed with the following output:
Change Dir: C:/Users/Splitty/Documents/GitHub/cginz/bin/CMakeFiles/CMakeTmp

Run Build Command:"C:/PROGRA~2/MINGW-~1/I686-5~1.0-W/mingw32/bin/mingw32-make.exe" "cmTC_c40ea/fast"
mingw32-make.exe[1]: Entering directory 'C:/Users/Splitty/Documents/GitHub/cginz/bin/CMakeFiles/CMakeTmp'
C:/PROGRA~2/MINGW-~1/I686-5~1.0-W/mingw32/bin/mingw32-make.exe -f CMakeFiles\cmTC_c40ea.dir\build.make CMakeFiles/cmTC_c40ea.dir/build
mingw32-make.exe[2]: Entering directory 'C:/Users/Splitty/Documents/GitHub/cginz/bin/CMakeFiles/CMakeTmp'
Building C object CMakeFiles/cmTC_c40ea.dir/CheckSymbolExists.c.obj
C:\PROGRA~2\MINGW-~1\I686-5~1.0-W\mingw32\bin\gcc.exe     -o CMakeFiles\cmTC_c40ea.dir\CheckSymbolExists.c.obj   -c C:\Users\Splitty\Documents\GitHub\cginz\bin\CMakeFiles\CMakeTmp\CheckSymbolExists.c
Linking C executable cmTC_c40ea.exe
"C:\Program Files (x86)\CMake\bin\cmake.exe" -E cmake_link_script CMakeFiles\cmTC_c40ea.dir\link.txt --verbose=1
"C:\Program Files (x86)\CMake\bin\cmake.exe" -E remove -f CMakeFiles\cmTC_c40ea.dir/objects.a
C:\PROGRA~2\MINGW-~1\I686-5~1.0-W\mingw32\bin\ar.exe cr CMakeFiles\cmTC_c40ea.dir/objects.a @CMakeFiles\cmTC_c40ea.dir\objects1.rsp
C:\PROGRA~2\MINGW-~1\I686-5~1.0-W\mingw32\bin\gcc.exe       -Wl,--whole-archive CMakeFiles\cmTC_c40ea.dir/objects.a -Wl,--no-whole-archive  -o cmTC_c40ea.exe -Wl,--out-implib,libcmTC_c40ea.dll.a -Wl,--major-image-version,0,--minor-image-version,0 @CMakeFiles\cmTC_c40ea.dir\linklibs.rsp
CMakeFiles\cmTC_c40ea.dir/objects.a(CheckSymbolExists.c.obj):CheckSymbolExists.c:(.text+0x12): undefined reference to `pthread_create'
collect2.exe: error: ld returned 1 exit status
CMakeFiles\cmTC_c40ea.dir\build.make:98: recipe for target 'cmTC_c40ea.exe' failed
mingw32-make.exe[2]: *** [cmTC_c40ea.exe] Error 1
mingw32-make.exe[2]: Leaving directory 'C:/Users/Splitty/Documents/GitHub/cginz/bin/CMakeFiles/CMakeTmp'
makefile:125: recipe for target 'cmTC_c40ea/fast' failed
mingw32-make.exe[1]: *** [cmTC_c40ea/fast] Error 2
mingw32-make.exe[1]: Leaving directory 'C:/Users/Splitty/Documents/GitHub/cginz/bin/CMakeFiles/CMakeTmp'

File C:/Users/Splitty/Documents/GitHub/cginz/bin/CMakeFiles/CMakeTmp/CheckSymbolExists.c:
/* */
#include <pthread.h>

int main(int argc, char** argv)
{
  (void)argv;
#ifndef pthread_create
  return ((int*)(&pthread_create))[argc];
#else
  (void)argc;
  return 0;
#endif
}

